-------------------------------------------------------------------------------
Test set: com.sfsutherland.p2p.overlay.node.MetricsDataTest
-------------------------------------------------------------------------------
Tests run: 1, Failures: 0, Errors: 1, Skipped: 0, Time elapsed: 0.034 s <<< FAILURE! - in com.sfsutherland.p2p.overlay.node.MetricsDataTest
com.sfsutherland.p2p.overlay.node.MetricsDataTest.testPrintCountersAndDiagnostics  Time elapsed: 0.009 s  <<< ERROR!
java.lang.reflect.InaccessibleObjectException: Unable to make public com.sfsutherland.p2p.overlay.node.MetricsDataTest() accessible: module com.sfsutherland.p2p.overlay does not "opens com.sfsutherland.p2p.overlay.node" to unnamed module @3eb7fc54

